2024-04-19T10:11:48.468+02:00  INFO 4972 --- [DATA1700-Oblig3] [restartedMain] c.e.d.Data1700Oblig3Application          : Starting Data1700Oblig3Application using Java 17.0.7 with PID 4972 (C:\Users\andre\OneDrive\Documents\DATA1700\Oblig3\Oblig3_2\DATA1700-Oblig3\target\classes started by andre in C:\Users\andre\OneDrive\Documents\DATA1700\Oblig3\Oblig3_2\DATA1700-Oblig3)
2024-04-19T10:11:48.476+02:00  INFO 4972 --- [DATA1700-Oblig3] [restartedMain] c.e.d.Data1700Oblig3Application          : No active profile set, falling back to 1 default profile: "default"
2024-04-19T10:11:48.556+02:00  INFO 4972 --- [DATA1700-Oblig3] [restartedMain] .e.DevToolsPropertyDefaultsPostProcessor : Devtools property defaults active! Set 'spring.devtools.add-properties' to 'false' to disable
2024-04-19T10:11:48.556+02:00  INFO 4972 --- [DATA1700-Oblig3] [restartedMain] .e.DevToolsPropertyDefaultsPostProcessor : For additional web related logging consider setting the 'logging.level.web' property to 'DEBUG'
2024-04-19T10:11:50.042+02:00  INFO 4972 --- [DATA1700-Oblig3] [restartedMain] o.s.b.w.embedded.tomcat.TomcatWebServer  : Tomcat initialized with port 8080 (http)
2024-04-19T10:11:50.064+02:00  INFO 4972 --- [DATA1700-Oblig3] [restartedMain] o.apache.catalina.core.StandardService   : Starting service [Tomcat]
2024-04-19T10:11:50.064+02:00  INFO 4972 --- [DATA1700-Oblig3] [restartedMain] o.apache.catalina.core.StandardEngine    : Starting Servlet engine: [Apache Tomcat/10.1.19]
2024-04-19T10:11:50.122+02:00  INFO 4972 --- [DATA1700-Oblig3] [restartedMain] o.a.c.c.C.[Tomcat].[localhost].[/]       : Initializing Spring embedded WebApplicationContext
2024-04-19T10:11:50.122+02:00  INFO 4972 --- [DATA1700-Oblig3] [restartedMain] w.s.c.ServletWebServerApplicationContext : Root WebApplicationContext: initialization completed in 1565 ms
2024-04-19T10:11:50.155+02:00  INFO 4972 --- [DATA1700-Oblig3] [restartedMain] com.zaxxer.hikari.HikariDataSource       : HikariPool-1 - Starting...
2024-04-19T10:11:50.446+02:00  INFO 4972 --- [DATA1700-Oblig3] [restartedMain] com.zaxxer.hikari.pool.HikariPool        : HikariPool-1 - Added connection conn0: url=jdbc:h2:mem:2203f718-5ff0-4e55-b956-b62030606afa user=SA
2024-04-19T10:11:50.449+02:00  INFO 4972 --- [DATA1700-Oblig3] [restartedMain] com.zaxxer.hikari.HikariDataSource       : HikariPool-1 - Start completed.
2024-04-19T10:11:50.464+02:00  INFO 4972 --- [DATA1700-Oblig3] [restartedMain] o.s.b.a.h2.H2ConsoleAutoConfiguration    : H2 console available at '/h2-console'. Database available at 'jdbc:h2:mem:2203f718-5ff0-4e55-b956-b62030606afa'
2024-04-19T10:11:50.689+02:00  INFO 4972 --- [DATA1700-Oblig3] [restartedMain] o.s.b.a.w.s.WelcomePageHandlerMapping    : Adding welcome page: class path resource [static/index.html]
2024-04-19T10:11:51.039+02:00  INFO 4972 --- [DATA1700-Oblig3] [restartedMain] o.s.b.d.a.OptionalLiveReloadServer       : LiveReload server is running on port 35729
2024-04-19T10:11:51.080+02:00  INFO 4972 --- [DATA1700-Oblig3] [restartedMain] o.s.b.w.embedded.tomcat.TomcatWebServer  : Tomcat started on port 8080 (http) with context path ''
2024-04-19T10:11:51.092+02:00  INFO 4972 --- [DATA1700-Oblig3] [restartedMain] c.e.d.Data1700Oblig3Application          : Started Data1700Oblig3Application in 3.37 seconds (process running for 4.534)
2024-04-19T10:11:54.507+02:00  INFO 4972 --- [DATA1700-Oblig3] [File Watcher] rtingClassPathChangeChangedEventListener : Restarting due to 1 class path change (0 additions, 0 deletions, 1 modification)
2024-04-19T10:11:54.534+02:00  WARN 4972 --- [DATA1700-Oblig3] [Thread-5] o.s.b.f.support.DisposableBeanAdapter    : Invocation of destroy method failed on bean with name 'inMemoryDatabaseShutdownExecutor': org.h2.jdbc.JdbcSQLNonTransientConnectionException: Database is already closed (to disable automatic closing at VM shutdown, add ";DB_CLOSE_ON_EXIT=FALSE" to the db URL) [90121-224]
2024-04-19T10:11:54.536+02:00  INFO 4972 --- [DATA1700-Oblig3] [Thread-5] com.zaxxer.hikari.HikariDataSource       : HikariPool-1 - Shutdown initiated...
2024-04-19T10:11:54.540+02:00  INFO 4972 --- [DATA1700-Oblig3] [Thread-5] com.zaxxer.hikari.HikariDataSource       : HikariPool-1 - Shutdown completed.
2024-04-19T10:11:54.629+02:00  INFO 4972 --- [DATA1700-Oblig3] [restartedMain] c.e.d.Data1700Oblig3Application          : Starting Data1700Oblig3Application using Java 17.0.7 with PID 4972 (C:\Users\andre\OneDrive\Documents\DATA1700\Oblig3\Oblig3_2\DATA1700-Oblig3\target\classes started by andre in C:\Users\andre\OneDrive\Documents\DATA1700\Oblig3\Oblig3_2\DATA1700-Oblig3)
2024-04-19T10:11:54.630+02:00  INFO 4972 --- [DATA1700-Oblig3] [restartedMain] c.e.d.Data1700Oblig3Application          : No active profile set, falling back to 1 default profile: "default"
2024-04-19T10:11:55.122+02:00  INFO 4972 --- [DATA1700-Oblig3] [restartedMain] o.s.b.w.embedded.tomcat.TomcatWebServer  : Tomcat initialized with port 8080 (http)
2024-04-19T10:11:55.123+02:00  INFO 4972 --- [DATA1700-Oblig3] [restartedMain] o.apache.catalina.core.StandardService   : Starting service [Tomcat]
2024-04-19T10:11:55.124+02:00  INFO 4972 --- [DATA1700-Oblig3] [restartedMain] o.apache.catalina.core.StandardEngine    : Starting Servlet engine: [Apache Tomcat/10.1.19]
2024-04-19T10:11:55.146+02:00  INFO 4972 --- [DATA1700-Oblig3] [restartedMain] o.a.c.c.C.[Tomcat].[localhost].[/]       : Initializing Spring embedded WebApplicationContext
2024-04-19T10:11:55.146+02:00  INFO 4972 --- [DATA1700-Oblig3] [restartedMain] w.s.c.ServletWebServerApplicationContext : Root WebApplicationContext: initialization completed in 514 ms
2024-04-19T10:11:55.167+02:00  INFO 4972 --- [DATA1700-Oblig3] [restartedMain] com.zaxxer.hikari.HikariDataSource       : HikariPool-2 - Starting...
2024-04-19T10:11:55.171+02:00  INFO 4972 --- [DATA1700-Oblig3] [restartedMain] com.zaxxer.hikari.pool.HikariPool        : HikariPool-2 - Added connection conn10: url=jdbc:h2:mem:a1dd38d2-5bd9-4342-b20e-f99814af78c0 user=SA
2024-04-19T10:11:55.172+02:00  INFO 4972 --- [DATA1700-Oblig3] [restartedMain] com.zaxxer.hikari.HikariDataSource       : HikariPool-2 - Start completed.
2024-04-19T10:11:55.173+02:00  INFO 4972 --- [DATA1700-Oblig3] [restartedMain] o.s.b.a.h2.H2ConsoleAutoConfiguration    : H2 console available at '/h2-console'. Database available at 'jdbc:h2:mem:a1dd38d2-5bd9-4342-b20e-f99814af78c0'
2024-04-19T10:11:55.253+02:00  INFO 4972 --- [DATA1700-Oblig3] [restartedMain] o.s.b.a.w.s.WelcomePageHandlerMapping    : Adding welcome page: class path resource [static/index.html]
2024-04-19T10:11:55.399+02:00  INFO 4972 --- [DATA1700-Oblig3] [restartedMain] o.s.b.d.a.OptionalLiveReloadServer       : LiveReload server is running on port 35729
2024-04-19T10:11:55.416+02:00  INFO 4972 --- [DATA1700-Oblig3] [restartedMain] o.s.b.w.embedded.tomcat.TomcatWebServer  : Tomcat started on port 8080 (http) with context path ''
2024-04-19T10:11:55.421+02:00  INFO 4972 --- [DATA1700-Oblig3] [restartedMain] c.e.d.Data1700Oblig3Application          : Started Data1700Oblig3Application in 0.835 seconds (process running for 8.864)
2024-04-19T10:11:55.424+02:00  INFO 4972 --- [DATA1700-Oblig3] [restartedMain] .ConditionEvaluationDeltaLoggingListener : Condition evaluation unchanged
2024-04-19T10:12:58.897+02:00  INFO 4972 --- [DATA1700-Oblig3] [http-nio-8080-exec-1] o.a.c.c.C.[Tomcat].[localhost].[/]       : Initializing Spring DispatcherServlet 'dispatcherServlet'
2024-04-19T10:12:58.897+02:00  INFO 4972 --- [DATA1700-Oblig3] [http-nio-8080-exec-1] o.s.web.servlet.DispatcherServlet        : Initializing Servlet 'dispatcherServlet'
2024-04-19T10:12:58.898+02:00  INFO 4972 --- [DATA1700-Oblig3] [http-nio-8080-exec-1] o.s.web.servlet.DispatcherServlet        : Completed initialization in 0 ms
2024-04-19T10:12:58.920+02:00  WARN 4972 --- [DATA1700-Oblig3] [http-nio-8080-exec-1] .w.s.m.s.DefaultHandlerExceptionResolver : Resolved [org.springframework.web.HttpRequestMethodNotSupportedException: Request method 'POST' is not supported]
2024-04-19T10:13:11.280+02:00  INFO 4972 --- [DATA1700-Oblig3] [File Watcher] rtingClassPathChangeChangedEventListener : Restarting due to 1 class path change (0 additions, 0 deletions, 1 modification)
2024-04-19T10:13:11.293+02:00  WARN 4972 --- [DATA1700-Oblig3] [Thread-7] o.s.b.f.support.DisposableBeanAdapter    : Invocation of destroy method failed on bean with name 'inMemoryDatabaseShutdownExecutor': org.h2.jdbc.JdbcSQLNonTransientConnectionException: Database is already closed (to disable automatic closing at VM shutdown, add ";DB_CLOSE_ON_EXIT=FALSE" to the db URL) [90121-224]
2024-04-19T10:13:11.295+02:00  INFO 4972 --- [DATA1700-Oblig3] [Thread-7] com.zaxxer.hikari.HikariDataSource       : HikariPool-2 - Shutdown initiated...
2024-04-19T10:13:11.296+02:00  INFO 4972 --- [DATA1700-Oblig3] [Thread-7] com.zaxxer.hikari.HikariDataSource       : HikariPool-2 - Shutdown completed.
2024-04-19T10:13:11.360+02:00  INFO 4972 --- [DATA1700-Oblig3] [restartedMain] c.e.d.Data1700Oblig3Application          : Starting Data1700Oblig3Application using Java 17.0.7 with PID 4972 (C:\Users\andre\OneDrive\Documents\DATA1700\Oblig3\Oblig3_2\DATA1700-Oblig3\target\classes started by andre in C:\Users\andre\OneDrive\Documents\DATA1700\Oblig3\Oblig3_2\DATA1700-Oblig3)
2024-04-19T10:13:11.361+02:00  INFO 4972 --- [DATA1700-Oblig3] [restartedMain] c.e.d.Data1700Oblig3Application          : No active profile set, falling back to 1 default profile: "default"
2024-04-19T10:13:11.636+02:00  INFO 4972 --- [DATA1700-Oblig3] [restartedMain] o.s.b.w.embedded.tomcat.TomcatWebServer  : Tomcat initialized with port 8080 (http)
2024-04-19T10:13:11.637+02:00  INFO 4972 --- [DATA1700-Oblig3] [restartedMain] o.apache.catalina.core.StandardService   : Starting service [Tomcat]
2024-04-19T10:13:11.637+02:00  INFO 4972 --- [DATA1700-Oblig3] [restartedMain] o.apache.catalina.core.StandardEngine    : Starting Servlet engine: [Apache Tomcat/10.1.19]
2024-04-19T10:13:11.649+02:00  INFO 4972 --- [DATA1700-Oblig3] [restartedMain] o.a.c.c.C.[Tomcat].[localhost].[/]       : Initializing Spring embedded WebApplicationContext
2024-04-19T10:13:11.650+02:00  INFO 4972 --- [DATA1700-Oblig3] [restartedMain] w.s.c.ServletWebServerApplicationContext : Root WebApplicationContext: initialization completed in 287 ms
2024-04-19T10:13:11.661+02:00  INFO 4972 --- [DATA1700-Oblig3] [restartedMain] com.zaxxer.hikari.HikariDataSource       : HikariPool-3 - Starting...
2024-04-19T10:13:11.665+02:00  INFO 4972 --- [DATA1700-Oblig3] [restartedMain] com.zaxxer.hikari.pool.HikariPool        : HikariPool-3 - Added connection conn20: url=jdbc:h2:mem:2c0a4ada-1b92-47e4-aabf-53d9930c4b8f user=SA
2024-04-19T10:13:11.665+02:00  INFO 4972 --- [DATA1700-Oblig3] [restartedMain] com.zaxxer.hikari.HikariDataSource       : HikariPool-3 - Start completed.
2024-04-19T10:13:11.666+02:00  INFO 4972 --- [DATA1700-Oblig3] [restartedMain] o.s.b.a.h2.H2ConsoleAutoConfiguration    : H2 console available at '/h2-console'. Database available at 'jdbc:h2:mem:2c0a4ada-1b92-47e4-aabf-53d9930c4b8f'
2024-04-19T10:13:11.708+02:00  INFO 4972 --- [DATA1700-Oblig3] [restartedMain] o.s.b.a.w.s.WelcomePageHandlerMapping    : Adding welcome page: class path resource [static/index.html]
2024-04-19T10:13:11.780+02:00  INFO 4972 --- [DATA1700-Oblig3] [restartedMain] o.s.b.d.a.OptionalLiveReloadServer       : LiveReload server is running on port 35729
2024-04-19T10:13:11.790+02:00  INFO 4972 --- [DATA1700-Oblig3] [restartedMain] o.s.b.w.embedded.tomcat.TomcatWebServer  : Tomcat started on port 8080 (http) with context path ''
2024-04-19T10:13:11.794+02:00  INFO 4972 --- [DATA1700-Oblig3] [restartedMain] c.e.d.Data1700Oblig3Application          : Started Data1700Oblig3Application in 0.458 seconds (process running for 85.237)
2024-04-19T10:13:11.796+02:00  INFO 4972 --- [DATA1700-Oblig3] [restartedMain] .ConditionEvaluationDeltaLoggingListener : Condition evaluation unchanged
2024-04-19T10:13:15.071+02:00  INFO 4972 --- [DATA1700-Oblig3] [http-nio-8080-exec-1] o.a.c.c.C.[Tomcat].[localhost].[/]       : Initializing Spring DispatcherServlet 'dispatcherServlet'
2024-04-19T10:13:15.071+02:00  INFO 4972 --- [DATA1700-Oblig3] [http-nio-8080-exec-1] o.s.web.servlet.DispatcherServlet        : Initializing Servlet 'dispatcherServlet'
2024-04-19T10:13:15.072+02:00  INFO 4972 --- [DATA1700-Oblig3] [http-nio-8080-exec-1] o.s.web.servlet.DispatcherServlet        : Completed initialization in 1 ms
2024-04-19T10:13:45.121+02:00  WARN 4972 --- [DATA1700-Oblig3] [http-nio-8080-exec-3] .w.s.m.s.DefaultHandlerExceptionResolver : Resolved [org.springframework.web.HttpRequestMethodNotSupportedException: Request method 'GET' is not supported]
2024-04-19T10:15:22.622+02:00  INFO 4972 --- [DATA1700-Oblig3] [File Watcher] rtingClassPathChangeChangedEventListener : Restarting due to 1 class path change (0 additions, 0 deletions, 1 modification)
2024-04-19T10:15:22.635+02:00  WARN 4972 --- [DATA1700-Oblig3] [Thread-12] o.s.b.f.support.DisposableBeanAdapter    : Invocation of destroy method failed on bean with name 'inMemoryDatabaseShutdownExecutor': org.h2.jdbc.JdbcSQLNonTransientConnectionException: Database is already closed (to disable automatic closing at VM shutdown, add ";DB_CLOSE_ON_EXIT=FALSE" to the db URL) [90121-224]
2024-04-19T10:15:22.635+02:00  INFO 4972 --- [DATA1700-Oblig3] [Thread-12] com.zaxxer.hikari.HikariDataSource       : HikariPool-3 - Shutdown initiated...
2024-04-19T10:15:22.636+02:00  INFO 4972 --- [DATA1700-Oblig3] [Thread-12] com.zaxxer.hikari.HikariDataSource       : HikariPool-3 - Shutdown completed.
2024-04-19T10:15:22.707+02:00  INFO 4972 --- [DATA1700-Oblig3] [restartedMain] c.e.d.Data1700Oblig3Application          : Starting Data1700Oblig3Application using Java 17.0.7 with PID 4972 (C:\Users\andre\OneDrive\Documents\DATA1700\Oblig3\Oblig3_2\DATA1700-Oblig3\target\classes started by andre in C:\Users\andre\OneDrive\Documents\DATA1700\Oblig3\Oblig3_2\DATA1700-Oblig3)
2024-04-19T10:15:22.708+02:00  INFO 4972 --- [DATA1700-Oblig3] [restartedMain] c.e.d.Data1700Oblig3Application          : No active profile set, falling back to 1 default profile: "default"
2024-04-19T10:15:23.076+02:00  INFO 4972 --- [DATA1700-Oblig3] [restartedMain] o.s.b.w.embedded.tomcat.TomcatWebServer  : Tomcat initialized with port 8080 (http)
2024-04-19T10:15:23.077+02:00  INFO 4972 --- [DATA1700-Oblig3] [restartedMain] o.apache.catalina.core.StandardService   : Starting service [Tomcat]
2024-04-19T10:15:23.078+02:00  INFO 4972 --- [DATA1700-Oblig3] [restartedMain] o.apache.catalina.core.StandardEngine    : Starting Servlet engine: [Apache Tomcat/10.1.19]
2024-04-19T10:15:23.095+02:00  INFO 4972 --- [DATA1700-Oblig3] [restartedMain] o.a.c.c.C.[Tomcat].[localhost].[/]       : Initializing Spring embedded WebApplicationContext
2024-04-19T10:15:23.095+02:00  INFO 4972 --- [DATA1700-Oblig3] [restartedMain] w.s.c.ServletWebServerApplicationContext : Root WebApplicationContext: initialization completed in 385 ms
2024-04-19T10:15:23.110+02:00  INFO 4972 --- [DATA1700-Oblig3] [restartedMain] com.zaxxer.hikari.HikariDataSource       : HikariPool-4 - Starting...
2024-04-19T10:15:23.114+02:00  INFO 4972 --- [DATA1700-Oblig3] [restartedMain] com.zaxxer.hikari.pool.HikariPool        : HikariPool-4 - Added connection conn30: url=jdbc:h2:mem:dab868c4-fd51-4bdc-a3ba-df6f511494ca user=SA
2024-04-19T10:15:23.114+02:00  INFO 4972 --- [DATA1700-Oblig3] [restartedMain] com.zaxxer.hikari.HikariDataSource       : HikariPool-4 - Start completed.
2024-04-19T10:15:23.115+02:00  INFO 4972 --- [DATA1700-Oblig3] [restartedMain] o.s.b.a.h2.H2ConsoleAutoConfiguration    : H2 console available at '/h2-console'. Database available at 'jdbc:h2:mem:dab868c4-fd51-4bdc-a3ba-df6f511494ca'
2024-04-19T10:15:23.169+02:00  INFO 4972 --- [DATA1700-Oblig3] [restartedMain] o.s.b.a.w.s.WelcomePageHandlerMapping    : Adding welcome page: class path resource [static/index.html]
2024-04-19T10:15:23.264+02:00  INFO 4972 --- [DATA1700-Oblig3] [restartedMain] o.s.b.d.a.OptionalLiveReloadServer       : LiveReload server is running on port 35729
2024-04-19T10:15:23.277+02:00  INFO 4972 --- [DATA1700-Oblig3] [restartedMain] o.s.b.w.embedded.tomcat.TomcatWebServer  : Tomcat started on port 8080 (http) with context path ''
2024-04-19T10:15:23.282+02:00  INFO 4972 --- [DATA1700-Oblig3] [restartedMain] c.e.d.Data1700Oblig3Application          : Started Data1700Oblig3Application in 0.605 seconds (process running for 216.725)
2024-04-19T10:15:23.285+02:00  INFO 4972 --- [DATA1700-Oblig3] [restartedMain] .ConditionEvaluationDeltaLoggingListener : Condition evaluation unchanged
2024-04-19T10:16:24.005+02:00  INFO 4972 --- [DATA1700-Oblig3] [http-nio-8080-exec-2] o.a.c.c.C.[Tomcat].[localhost].[/]       : Initializing Spring DispatcherServlet 'dispatcherServlet'
2024-04-19T10:16:24.006+02:00  INFO 4972 --- [DATA1700-Oblig3] [http-nio-8080-exec-2] o.s.web.servlet.DispatcherServlet        : Initializing Servlet 'dispatcherServlet'
2024-04-19T10:16:24.006+02:00  INFO 4972 --- [DATA1700-Oblig3] [http-nio-8080-exec-2] o.s.web.servlet.DispatcherServlet        : Completed initialization in 0 ms
2024-04-19T10:22:57.413+02:00 ERROR 4972 --- [DATA1700-Oblig3] [http-nio-8080-exec-4] c.e.data1700oblig3.BillettRepository     : org.springframework.dao.DataIntegrityViolationException: PreparedStatementCallback; SQL [insert into Billett (film,antall,fornavn,etternavn,telefonnr,email) values(?,?,?,?,?,?)]; NULL not allowed for column "FILM"; SQL statement:
insert into Billett (film,antall,fornavn,etternavn,telefonnr,email) values(?,?,?,?,?,?) [23502-224]
2024-04-19T10:40:10.695+02:00  INFO 21304 --- [DATA1700-Oblig3] [restartedMain] c.e.d.Data1700Oblig3Application          : Starting Data1700Oblig3Application using Java 17.0.7 with PID 21304 (C:\Users\andre\OneDrive\Documents\DATA1700\Oblig3\Oblig3_2\DATA1700-Oblig3\target\classes started by andre in C:\Users\andre\OneDrive\Documents\DATA1700\Oblig3\Oblig3_2\DATA1700-Oblig3)
2024-04-19T10:40:10.698+02:00  INFO 21304 --- [DATA1700-Oblig3] [restartedMain] c.e.d.Data1700Oblig3Application          : No active profile set, falling back to 1 default profile: "default"
2024-04-19T10:40:10.759+02:00  INFO 21304 --- [DATA1700-Oblig3] [restartedMain] .e.DevToolsPropertyDefaultsPostProcessor : Devtools property defaults active! Set 'spring.devtools.add-properties' to 'false' to disable
2024-04-19T10:40:10.759+02:00  INFO 21304 --- [DATA1700-Oblig3] [restartedMain] .e.DevToolsPropertyDefaultsPostProcessor : For additional web related logging consider setting the 'logging.level.web' property to 'DEBUG'
2024-04-19T10:40:12.080+02:00  INFO 21304 --- [DATA1700-Oblig3] [restartedMain] o.s.b.w.embedded.tomcat.TomcatWebServer  : Tomcat initialized with port 8080 (http)
2024-04-19T10:40:12.099+02:00  INFO 21304 --- [DATA1700-Oblig3] [restartedMain] o.apache.catalina.core.StandardService   : Starting service [Tomcat]
2024-04-19T10:40:12.099+02:00  INFO 21304 --- [DATA1700-Oblig3] [restartedMain] o.apache.catalina.core.StandardEngine    : Starting Servlet engine: [Apache Tomcat/10.1.19]
2024-04-19T10:40:12.163+02:00  INFO 21304 --- [DATA1700-Oblig3] [restartedMain] o.a.c.c.C.[Tomcat].[localhost].[/]       : Initializing Spring embedded WebApplicationContext
2024-04-19T10:40:12.163+02:00  INFO 21304 --- [DATA1700-Oblig3] [restartedMain] w.s.c.ServletWebServerApplicationContext : Root WebApplicationContext: initialization completed in 1404 ms
2024-04-19T10:40:12.199+02:00  INFO 21304 --- [DATA1700-Oblig3] [restartedMain] com.zaxxer.hikari.HikariDataSource       : HikariPool-1 - Starting...
2024-04-19T10:40:12.499+02:00  INFO 21304 --- [DATA1700-Oblig3] [restartedMain] com.zaxxer.hikari.pool.HikariPool        : HikariPool-1 - Added connection conn0: url=jdbc:h2:mem:3efa9e62-effa-4a4a-aba4-835c310017be user=SA
2024-04-19T10:40:12.501+02:00  INFO 21304 --- [DATA1700-Oblig3] [restartedMain] com.zaxxer.hikari.HikariDataSource       : HikariPool-1 - Start completed.
2024-04-19T10:40:12.514+02:00  INFO 21304 --- [DATA1700-Oblig3] [restartedMain] o.s.b.a.h2.H2ConsoleAutoConfiguration    : H2 console available at '/h2-console'. Database available at 'jdbc:h2:mem:3efa9e62-effa-4a4a-aba4-835c310017be'
2024-04-19T10:40:12.743+02:00  INFO 21304 --- [DATA1700-Oblig3] [restartedMain] o.s.b.a.w.s.WelcomePageHandlerMapping    : Adding welcome page: class path resource [static/index.html]
2024-04-19T10:40:13.090+02:00  INFO 21304 --- [DATA1700-Oblig3] [restartedMain] o.s.b.d.a.OptionalLiveReloadServer       : LiveReload server is running on port 35729
2024-04-19T10:40:13.132+02:00  INFO 21304 --- [DATA1700-Oblig3] [restartedMain] o.s.b.w.embedded.tomcat.TomcatWebServer  : Tomcat started on port 8080 (http) with context path ''
2024-04-19T10:40:13.143+02:00  INFO 21304 --- [DATA1700-Oblig3] [restartedMain] c.e.d.Data1700Oblig3Application          : Started Data1700Oblig3Application in 3.116 seconds (process running for 4.242)
2024-04-19T10:40:33.843+02:00  INFO 21304 --- [DATA1700-Oblig3] [http-nio-8080-exec-2] o.a.c.c.C.[Tomcat].[localhost].[/]       : Initializing Spring DispatcherServlet 'dispatcherServlet'
2024-04-19T10:40:33.844+02:00  INFO 21304 --- [DATA1700-Oblig3] [http-nio-8080-exec-2] o.s.web.servlet.DispatcherServlet        : Initializing Servlet 'dispatcherServlet'
2024-04-19T10:40:33.846+02:00  INFO 21304 --- [DATA1700-Oblig3] [http-nio-8080-exec-2] o.s.web.servlet.DispatcherServlet        : Completed initialization in 1 ms
2024-04-19T10:44:01.711+02:00  INFO 15300 --- [DATA1700-Oblig3] [restartedMain] c.e.d.Data1700Oblig3Application          : Starting Data1700Oblig3Application using Java 17.0.7 with PID 15300 (C:\Users\andre\OneDrive\Documents\DATA1700\Oblig3\Oblig3_2\DATA1700-Oblig3\target\classes started by andre in C:\Users\andre\OneDrive\Documents\DATA1700\Oblig3\Oblig3_2\DATA1700-Oblig3)
2024-04-19T10:44:01.716+02:00  INFO 15300 --- [DATA1700-Oblig3] [restartedMain] c.e.d.Data1700Oblig3Application          : No active profile set, falling back to 1 default profile: "default"
2024-04-19T10:44:01.793+02:00  INFO 15300 --- [DATA1700-Oblig3] [restartedMain] .e.DevToolsPropertyDefaultsPostProcessor : Devtools property defaults active! Set 'spring.devtools.add-properties' to 'false' to disable
2024-04-19T10:44:01.794+02:00  INFO 15300 --- [DATA1700-Oblig3] [restartedMain] .e.DevToolsPropertyDefaultsPostProcessor : For additional web related logging consider setting the 'logging.level.web' property to 'DEBUG'
2024-04-19T10:44:03.248+02:00  INFO 15300 --- [DATA1700-Oblig3] [restartedMain] o.s.b.w.embedded.tomcat.TomcatWebServer  : Tomcat initialized with port 8080 (http)
2024-04-19T10:44:03.268+02:00  INFO 15300 --- [DATA1700-Oblig3] [restartedMain] o.apache.catalina.core.StandardService   : Starting service [Tomcat]
2024-04-19T10:44:03.269+02:00  INFO 15300 --- [DATA1700-Oblig3] [restartedMain] o.apache.catalina.core.StandardEngine    : Starting Servlet engine: [Apache Tomcat/10.1.19]
2024-04-19T10:44:03.333+02:00  INFO 15300 --- [DATA1700-Oblig3] [restartedMain] o.a.c.c.C.[Tomcat].[localhost].[/]       : Initializing Spring embedded WebApplicationContext
2024-04-19T10:44:03.333+02:00  INFO 15300 --- [DATA1700-Oblig3] [restartedMain] w.s.c.ServletWebServerApplicationContext : Root WebApplicationContext: initialization completed in 1538 ms
2024-04-19T10:44:03.367+02:00  INFO 15300 --- [DATA1700-Oblig3] [restartedMain] com.zaxxer.hikari.HikariDataSource       : HikariPool-1 - Starting...
2024-04-19T10:44:03.685+02:00  INFO 15300 --- [DATA1700-Oblig3] [restartedMain] com.zaxxer.hikari.pool.HikariPool        : HikariPool-1 - Added connection conn0: url=jdbc:h2:mem:9e691a26-03fd-4078-9b6b-6d48358ade1c user=SA
2024-04-19T10:44:03.687+02:00  INFO 15300 --- [DATA1700-Oblig3] [restartedMain] com.zaxxer.hikari.HikariDataSource       : HikariPool-1 - Start completed.
2024-04-19T10:44:03.700+02:00  INFO 15300 --- [DATA1700-Oblig3] [restartedMain] o.s.b.a.h2.H2ConsoleAutoConfiguration    : H2 console available at '/h2-console'. Database available at 'jdbc:h2:mem:9e691a26-03fd-4078-9b6b-6d48358ade1c'
2024-04-19T10:44:04.105+02:00  INFO 15300 --- [DATA1700-Oblig3] [restartedMain] o.s.b.a.w.s.WelcomePageHandlerMapping    : Adding welcome page: class path resource [static/index.html]
2024-04-19T10:44:04.593+02:00  INFO 15300 --- [DATA1700-Oblig3] [restartedMain] o.s.b.d.a.OptionalLiveReloadServer       : LiveReload server is running on port 35729
2024-04-19T10:44:04.638+02:00  INFO 15300 --- [DATA1700-Oblig3] [restartedMain] o.s.b.w.embedded.tomcat.TomcatWebServer  : Tomcat started on port 8080 (http) with context path ''
2024-04-19T10:44:04.663+02:00  INFO 15300 --- [DATA1700-Oblig3] [restartedMain] c.e.d.Data1700Oblig3Application          : Started Data1700Oblig3Application in 3.605 seconds (process running for 4.576)
2024-04-19T10:45:23.703+02:00  INFO 15300 --- [DATA1700-Oblig3] [http-nio-8080-exec-2] o.a.c.c.C.[Tomcat].[localhost].[/]       : Initializing Spring DispatcherServlet 'dispatcherServlet'
2024-04-19T10:45:23.704+02:00  INFO 15300 --- [DATA1700-Oblig3] [http-nio-8080-exec-2] o.s.web.servlet.DispatcherServlet        : Initializing Servlet 'dispatcherServlet'
2024-04-19T10:45:23.705+02:00  INFO 15300 --- [DATA1700-Oblig3] [http-nio-8080-exec-2] o.s.web.servlet.DispatcherServlet        : Completed initialization in 1 ms
